2019-04-09 11:44:47,052 - STARTING APP, TRY IT OUT!!!
2019-04-09 11:44:48,349 - STARTING APP, TRY IT OUT!!!
2019-04-09 11:53:51,565 - STARTING APP, TRY IT OUT!!!
2019-04-09 11:53:52,651 - STARTING APP, TRY IT OUT!!!
2019-04-09 11:56:22,384 - STARTING APP, TRY IT OUT!!!
2019-04-09 11:56:23,421 - STARTING APP, TRY IT OUT!!!
2019-04-09 11:57:16,354 - STARTING APP, TRY IT OUT!!!
2019-04-09 12:08:02,934 - STARTING APP, TRY IT OUT!!!
2019-04-09 12:25:00,482 - STARTING APP, TRY IT OUT!!!
2019-04-09 12:25:46,700 - STARTING APP, TRY IT OUT!!!
2019-04-09 12:25:47,848 - STARTING APP, TRY IT OUT!!!
2019-04-09 12:27:14,378 - STARTING APP, TRY IT OUT!!!
2019-04-09 12:27:40,993 - STARTING APP, TRY IT OUT!!!
2019-04-09 12:28:38,927 - <Response [400]>
2019-04-09 12:28:50,654 - STARTING APP, TRY IT OUT!!!
2019-04-09 12:28:51,706 - STARTING APP, TRY IT OUT!!!
2019-04-09 12:31:00,463 - STARTING APP, TRY IT OUT!!!
2019-04-09 12:31:01,453 - STARTING APP, TRY IT OUT!!!
2019-04-09 12:31:21,607 - <Response [400]>
2019-04-09 12:33:01,141 - STARTING APP, TRY IT OUT!!!
2019-04-09 12:34:35,236 - STARTING APP, TRY IT OUT!!!
2019-04-09 12:43:07,696 - STARTING APP, TRY IT OUT!!!
2019-04-09 12:43:27,276 - <Response [400]>
2019-04-09 12:48:41,492 - STARTING APP, TRY IT OUT!!!
2019-04-09 12:48:42,588 - STARTING APP, TRY IT OUT!!!
2019-04-09 12:49:05,496 - <Response [400]>
2019-04-09 12:51:00,210 - STARTING APP, TRY IT OUT!!!
2019-04-09 12:52:10,592 - STARTING APP, TRY IT OUT!!!
2019-04-09 12:52:26,720 - {
  "message": "Sandbox subdomains are for test purposes only. Please add your own domain or add the address to authorized recipients in Account Settings."
}
2019-04-09 13:36:06,621 - {
  "message": "Sandbox subdomains are for test purposes only. Please add your own domain or add the address to authorized recipients in Account Settings."
}
2019-04-09 15:12:27,868 - {
  "message": "Sandbox subdomains are for test purposes only. Please add your own domain or add the address to authorized recipients in Account Settings."
}
2019-04-09 18:19:14,963 - STARTING APP, TRY IT OUT!!!
2019-04-09 18:19:22,552 - STARTING APP, TRY IT OUT!!!
2019-04-09 18:20:06,385 - STARTING APP, TRY IT OUT!!!
2019-04-09 18:31:24,585 - STARTING APP, TRY IT OUT!!!
2019-04-09 18:31:34,891 - STARTING APP, TRY IT OUT!!!
2019-04-10 16:43:30,720 - STARTING APP, TRY IT OUT!!!
2019-04-10 16:43:32,198 - STARTING APP, TRY IT OUT!!!
2019-04-10 17:20:37,151 - STARTING APP, TRY IT OUT!!!
